0 info it worked if it ends with ok
1 verbose cli [ 'E:\\下载\\node.exe',
1 verbose cli   'C:\\Users\\Administrator\\AppData\\Roaming\\npm\\node_modules\\cnpm\\node_modules\\npm\\bin\\npm-cli.js',
1 verbose cli   '--userconfig=C:\\Users\\Administrator\\.cnpmrc',
1 verbose cli   '--disturl=https://npm.taobao.org/mirrors/node',
1 verbose cli   '--registry=https://registry.npm.taobao.org',
1 verbose cli   'run',
1 verbose cli   'dev' ]
2 info using npm@3.10.10
3 info using node@v7.7.3
4 verbose run-script [ 'predev', 'dev', 'postdev' ]
5 info lifecycle 10-03@1.0.0~predev: 10-03@1.0.0
6 silly lifecycle 10-03@1.0.0~predev: no script for predev, continuing
7 info lifecycle 10-03@1.0.0~dev: 10-03@1.0.0
8 verbose lifecycle 10-03@1.0.0~dev: unsafe-perm in lifecycle true
9 verbose lifecycle 10-03@1.0.0~dev: PATH: C:\Users\Administrator\AppData\Roaming\npm\node_modules\cnpm\node_modules\npm\bin\node-gyp-bin;F:\react\node_modules\.bin;C:\WINDOWS\system32;C:\WINDOWS;C:\WINDOWS\System32\Wbem;C:\WINDOWS\System32\WindowsPowerShell\v1.0\;C:\Program Files (x86)\AMD\ATI.ACE\Core-Static;C:\Program Files (x86)\ATI Technologies\ATI.ACE\Core-Static;E:\下载\;;E:\火狐浏览器下载\Git\cmd;C:\Users\Administrator\AppData\Local\Microsoft\WindowsApps;C:\Users\Administrator\AppData\Roaming\npm;C:\Users\Administrator\AppData\Local\atom\bin;E:\火狐浏览器下载\Git\cmd
10 verbose lifecycle 10-03@1.0.0~dev: CWD: F:\react
11 silly lifecycle 10-03@1.0.0~dev: Args: [ '/d /s /c', 'webpack-dev-server --inline --hot' ]
12 silly lifecycle 10-03@1.0.0~dev: Returned: code: 3221225786  signal: null
13 info lifecycle 10-03@1.0.0~dev: Failed to exec dev script
14 verbose stack Error: 10-03@1.0.0 dev: `webpack-dev-server --inline --hot`
14 verbose stack Exit status 3221225786
14 verbose stack     at EventEmitter.<anonymous> (C:\Users\Administrator\AppData\Roaming\npm\node_modules\cnpm\node_modules\npm\lib\utils\lifecycle.js:255:16)
14 verbose stack     at emitTwo (events.js:106:13)
14 verbose stack     at EventEmitter.emit (events.js:194:7)
14 verbose stack     at ChildProcess.<anonymous> (C:\Users\Administrator\AppData\Roaming\npm\node_modules\cnpm\node_modules\npm\lib\utils\spawn.js:40:14)
14 verbose stack     at emitTwo (events.js:106:13)
14 verbose stack     at ChildProcess.emit (events.js:194:7)
14 verbose stack     at maybeClose (internal/child_process.js:899:16)
14 verbose stack     at Process.ChildProcess._handle.onexit (internal/child_process.js:226:5)
15 verbose pkgid 10-03@1.0.0
16 verbose cwd F:\react
17 error Windows_NT 10.0.14393
18 error argv "E:\\下载\\node.exe" "C:\\Users\\Administrator\\AppData\\Roaming\\npm\\node_modules\\cnpm\\node_modules\\npm\\bin\\npm-cli.js" "--userconfig=C:\\Users\\Administrator\\.cnpmrc" "--disturl=https://npm.taobao.org/mirrors/node" "--registry=https://registry.npm.taobao.org" "run" "dev"
19 error node v7.7.3
20 error npm  v3.10.10
21 error code ELIFECYCLE
22 error 10-03@1.0.0 dev: `webpack-dev-server --inline --hot`
22 error Exit status 3221225786
23 error Failed at the 10-03@1.0.0 dev script 'webpack-dev-server --inline --hot'.
23 error Make sure you have the latest version of node.js and npm installed.
23 error If you do, this is most likely a problem with the 10-03 package,
23 error not with npm itself.
23 error Tell the author that this fails on your system:
23 error     webpack-dev-server --inline --hot
23 error You can get information on how to open an issue for this project with:
23 error     npm bugs 10-03
23 error Or if that isn't available, you can get their info via:
23 error     npm owner ls 10-03
23 error There is likely additional logging output above.
24 verbose exit [ 1, true ]
